<?xml version="1.0" encoding="UTF-8"?>
<!-- Generated by org.testng.reporters.JUnitReportReporter -->
<testsuite skipped="0" hostname="ITRS-2079s-MacBook-Pro.local" name="DatePicker" tests="1" failures="0" timestamp="2022-06-13T00:56:53 IST" time="0.158" errors="0">
  <testcase name="check" time="0.158" classname="DatePicker"/>
  <system-out/>
</testsuite> <!-- DatePicker -->
