<?xml version="1.0" encoding="UTF-8"?>
<!-- Generated by org.testng.reporters.JUnitReportReporter -->
<testsuite skipped="0" hostname="ITRS-2079s-MacBook-Pro.local" name="ValidateLogin" tests="1" failures="0" timestamp="2022-05-03T20:02:03 IST" time="0.095" errors="0">
  <testcase name="check" time="0.095" classname="ValidateLogin"/>
  <system-out/>
</testsuite> <!-- ValidateLogin -->
