<?xml version="1.0" encoding="UTF-8"?>
<testsuite name="DatePicker" tests="1" skipped="0" failures="0" errors="0" timestamp="2022-06-12T19:26:53" hostname="ITRS-2079s-MacBook-Pro.local" time="0.158">
  <properties/>
  <testcase name="check" classname="DatePicker" time="0.158"/>
  <system-out><![CDATA[]]></system-out>
  <system-err><![CDATA[]]></system-err>
</testsuite>
